Determining if files endian.h exist failed with the following output:
Change Dir: /home/jopper/veyon/cmake/CMakeFiles/CMakeTmp

Run Build Command:"/usr/bin/make" "cmTC_8818d/fast"
/usr/bin/make -f CMakeFiles/cmTC_8818d.dir/build.make CMakeFiles/cmTC_8818d.dir/build
make[1]: Entering directory '/home/jopper/veyon/cmake/CMakeFiles/CMakeTmp'
Building C object CMakeFiles/cmTC_8818d.dir/CheckIncludeFiles.c.obj
/usr/bin/x86_64-w64-mingw32-gcc  @CMakeFiles/cmTC_8818d.dir/includes_C.rsp  -o CMakeFiles/cmTC_8818d.dir/CheckIncludeFiles.c.obj   -c /home/jopper/veyon/cmake/CMakeFiles/CMakeTmp/CheckIncludeFiles.c
/home/jopper/veyon/cmake/CMakeFiles/CMakeTmp/CheckIncludeFiles.c:2:10: fatal error: endian.h: No such file or directory
 #include <endian.h>
          ^~~~~~~~~~
compilation terminated.
CMakeFiles/cmTC_8818d.dir/build.make:66: recipe for target 'CMakeFiles/cmTC_8818d.dir/CheckIncludeFiles.c.obj' failed
make[1]: *** [CMakeFiles/cmTC_8818d.dir/CheckIncludeFiles.c.obj] Error 1
make[1]: Leaving directory '/home/jopper/veyon/cmake/CMakeFiles/CMakeTmp'
Makefile:126: recipe for target 'cmTC_8818d/fast' failed
make: *** [cmTC_8818d/fast] Error 2

Source:
/* */
#include <endian.h>


int main(void){return 0;}

Determining if files netinet/in.h exist failed with the following output:
Change Dir: /home/jopper/veyon/cmake/CMakeFiles/CMakeTmp

Run Build Command:"/usr/bin/make" "cmTC_3c3ad/fast"
/usr/bin/make -f CMakeFiles/cmTC_3c3ad.dir/build.make CMakeFiles/cmTC_3c3ad.dir/build
make[1]: Entering directory '/home/jopper/veyon/cmake/CMakeFiles/CMakeTmp'
Building C object CMakeFiles/cmTC_3c3ad.dir/CheckIncludeFiles.c.obj
/usr/bin/x86_64-w64-mingw32-gcc  @CMakeFiles/cmTC_3c3ad.dir/includes_C.rsp  -o CMakeFiles/cmTC_3c3ad.dir/CheckIncludeFiles.c.obj   -c /home/jopper/veyon/cmake/CMakeFiles/CMakeTmp/CheckIncludeFiles.c
/home/jopper/veyon/cmake/CMakeFiles/CMakeTmp/CheckIncludeFiles.c:2:10: fatal error: netinet/in.h: No such file or directory
 #include <netinet/in.h>
          ^~~~~~~~~~~~~~
compilation terminated.
CMakeFiles/cmTC_3c3ad.dir/build.make:66: recipe for target 'CMakeFiles/cmTC_3c3ad.dir/CheckIncludeFiles.c.obj' failed
make[1]: *** [CMakeFiles/cmTC_3c3ad.dir/CheckIncludeFiles.c.obj] Error 1
make[1]: Leaving directory '/home/jopper/veyon/cmake/CMakeFiles/CMakeTmp'
Makefile:126: recipe for target 'cmTC_3c3ad/fast' failed
make: *** [cmTC_3c3ad/fast] Error 2

Source:
/* */
#include <netinet/in.h>


int main(void){return 0;}

Determining if files sys/endian.h exist failed with the following output:
Change Dir: /home/jopper/veyon/cmake/CMakeFiles/CMakeTmp

Run Build Command:"/usr/bin/make" "cmTC_68992/fast"
/usr/bin/make -f CMakeFiles/cmTC_68992.dir/build.make CMakeFiles/cmTC_68992.dir/build
make[1]: Entering directory '/home/jopper/veyon/cmake/CMakeFiles/CMakeTmp'
Building C object CMakeFiles/cmTC_68992.dir/CheckIncludeFiles.c.obj
/usr/bin/x86_64-w64-mingw32-gcc  @CMakeFiles/cmTC_68992.dir/includes_C.rsp  -o CMakeFiles/cmTC_68992.dir/CheckIncludeFiles.c.obj   -c /home/jopper/veyon/cmake/CMakeFiles/CMakeTmp/CheckIncludeFiles.c
/home/jopper/veyon/cmake/CMakeFiles/CMakeTmp/CheckIncludeFiles.c:2:10: fatal error: sys/endian.h: No such file or directory
 #include <sys/endian.h>
          ^~~~~~~~~~~~~~
compilation terminated.
CMakeFiles/cmTC_68992.dir/build.make:66: recipe for target 'CMakeFiles/cmTC_68992.dir/CheckIncludeFiles.c.obj' failed
make[1]: *** [CMakeFiles/cmTC_68992.dir/CheckIncludeFiles.c.obj] Error 1
make[1]: Leaving directory '/home/jopper/veyon/cmake/CMakeFiles/CMakeTmp'
Makefile:126: recipe for target 'cmTC_68992/fast' failed
make: *** [cmTC_68992/fast] Error 2

Source:
/* */
#include <sys/endian.h>


int main(void){return 0;}

Determining if files sys/socket.h exist failed with the following output:
Change Dir: /home/jopper/veyon/cmake/CMakeFiles/CMakeTmp

Run Build Command:"/usr/bin/make" "cmTC_1ab53/fast"
/usr/bin/make -f CMakeFiles/cmTC_1ab53.dir/build.make CMakeFiles/cmTC_1ab53.dir/build
make[1]: Entering directory '/home/jopper/veyon/cmake/CMakeFiles/CMakeTmp'
Building C object CMakeFiles/cmTC_1ab53.dir/CheckIncludeFiles.c.obj
/usr/bin/x86_64-w64-mingw32-gcc  @CMakeFiles/cmTC_1ab53.dir/includes_C.rsp  -o CMakeFiles/cmTC_1ab53.dir/CheckIncludeFiles.c.obj   -c /home/jopper/veyon/cmake/CMakeFiles/CMakeTmp/CheckIncludeFiles.c
/home/jopper/veyon/cmake/CMakeFiles/CMakeTmp/CheckIncludeFiles.c:2:10: fatal error: sys/socket.h: No such file or directory
 #include <sys/socket.h>
          ^~~~~~~~~~~~~~
compilation terminated.
CMakeFiles/cmTC_1ab53.dir/build.make:66: recipe for target 'CMakeFiles/cmTC_1ab53.dir/CheckIncludeFiles.c.obj' failed
make[1]: *** [CMakeFiles/cmTC_1ab53.dir/CheckIncludeFiles.c.obj] Error 1
make[1]: Leaving directory '/home/jopper/veyon/cmake/CMakeFiles/CMakeTmp'
Makefile:126: recipe for target 'cmTC_1ab53/fast' failed
make: *** [cmTC_1ab53/fast] Error 2

Source:
/* */
#include <sys/socket.h>


int main(void){return 0;}

Determining size of socklen_t failed with the following output:
Change Dir: /home/jopper/veyon/cmake/CMakeFiles/CMakeTmp

Run Build Command:"/usr/bin/make" "cmTC_915e7/fast"
/usr/bin/make -f CMakeFiles/cmTC_915e7.dir/build.make CMakeFiles/cmTC_915e7.dir/build
make[1]: Entering directory '/home/jopper/veyon/cmake/CMakeFiles/CMakeTmp'
Building C object CMakeFiles/cmTC_915e7.dir/LIBVNCSERVER_SOCKLEN_T.c.obj
/usr/bin/x86_64-w64-mingw32-gcc  @CMakeFiles/cmTC_915e7.dir/includes_C.rsp  -o CMakeFiles/cmTC_915e7.dir/LIBVNCSERVER_SOCKLEN_T.c.obj   -c /home/jopper/veyon/cmake/CMakeFiles/CheckTypeSize/LIBVNCSERVER_SOCKLEN_T.c
/home/jopper/veyon/cmake/CMakeFiles/CheckTypeSize/LIBVNCSERVER_SOCKLEN_T.c:23:22: error: ‘socklen_t’ undeclared here (not in a function); did you mean ‘_locale_t’?
 #define SIZE (sizeof(socklen_t))
                      ^
/home/jopper/veyon/cmake/CMakeFiles/CheckTypeSize/LIBVNCSERVER_SOCKLEN_T.c:25:12: note: in expansion of macro ‘SIZE’
   ('0' + ((SIZE / 10000)%10)),
            ^~~~
CMakeFiles/cmTC_915e7.dir/build.make:66: recipe for target 'CMakeFiles/cmTC_915e7.dir/LIBVNCSERVER_SOCKLEN_T.c.obj' failed
make[1]: *** [CMakeFiles/cmTC_915e7.dir/LIBVNCSERVER_SOCKLEN_T.c.obj] Error 1
make[1]: Leaving directory '/home/jopper/veyon/cmake/CMakeFiles/CMakeTmp'
Makefile:126: recipe for target 'cmTC_915e7/fast' failed
make: *** [cmTC_915e7/fast] Error 2

/home/jopper/veyon/cmake/CMakeFiles/CheckTypeSize/LIBVNCSERVER_SOCKLEN_T.c:
#include <sys/types.h>
#include <stdint.h>
#include <stddef.h>


#undef KEY
#if defined(__i386)
# define KEY '_','_','i','3','8','6'
#elif defined(__x86_64)
# define KEY '_','_','x','8','6','_','6','4'
#elif defined(__ppc__)
# define KEY '_','_','p','p','c','_','_'
#elif defined(__ppc64__)
# define KEY '_','_','p','p','c','6','4','_','_'
#elif defined(__aarch64__)
# define KEY '_','_','a','a','r','c','h','6','4','_','_'
#elif defined(__ARM_ARCH_7A__)
# define KEY '_','_','A','R','M','_','A','R','C','H','_','7','A','_','_'
#elif defined(__ARM_ARCH_7S__)
# define KEY '_','_','A','R','M','_','A','R','C','H','_','7','S','_','_'
#endif

#define SIZE (sizeof(socklen_t))
char info_size[] =  {'I', 'N', 'F', 'O', ':', 's','i','z','e','[',
  ('0' + ((SIZE / 10000)%10)),
  ('0' + ((SIZE / 1000)%10)),
  ('0' + ((SIZE / 100)%10)),
  ('0' + ((SIZE / 10)%10)),
  ('0' +  (SIZE    % 10)),
  ']',
#ifdef KEY
  ' ','k','e','y','[', KEY, ']',
#endif
  '\0'};

#ifdef __CLASSIC_C__
int main(argc, argv) int argc; char *argv[];
#else
int main(int argc, char *argv[])
#endif
{
  int require = 0;
  require += info_size[argc];
  (void)argv;
  return require;
}


